<?xml version="1.0" encoding="UTF-8"?>
<!-- Generated by org.testng.reporters.JUnitReportReporter -->
<testsuite hostname="sarita-Inspiron-5558" name="com.wallethub.tests.FacebookLogin" tests="1" failures="0" timestamp="4 Nov 2018 17:31:27 GMT" time="34.415" errors="0">
  <testcase name="loginFacebook" time="34.415" classname="com.wallethub.tests.FacebookLogin"/>
</testsuite> <!-- com.wallethub.tests.FacebookLogin -->
